<?xml version="1.0" encoding="UTF-8"?>
<testng-results ignored="0" total="1" passed="1" failed="0" skipped="0">
  <reporter-output>
  </reporter-output>
  <suite started-at="2024-01-03T13:12:39 IST" name="Default suite" finished-at="2024-01-03T13:12:46 IST" duration-ms="6120">
    <groups>
    </groups>
    <test started-at="2024-01-03T13:12:39 IST" name="Default test" finished-at="2024-01-03T13:12:46 IST" duration-ms="6120">
      <class name="testscripts.Test2">
        <test-method signature="loginwithinvalid()[pri:0, instance:testscripts.Test2@2b662a77]" started-at="2024-01-03T13:12:39 IST" name="loginwithinvalid" finished-at="2024-01-03T13:12:46 IST" duration-ms="6071" status="PASS">
          <reporter-output>
          </reporter-output>
        </test-method> <!-- loginwithinvalid -->
      </class> <!-- testscripts.Test2 -->
    </test> <!-- Default test -->
  </suite> <!-- Default suite -->
</testng-results>
