<?xml version="1.0" encoding="UTF-8"?>
<testng-results ignored="0" total="1" passed="1" failed="0" skipped="0">
  <reporter-output>
  </reporter-output>
  <suite started-at="2024-01-03T13:37:52 IST" name="Default suite" finished-at="2024-01-03T13:38:03 IST" duration-ms="11409">
    <groups>
    </groups>
    <test started-at="2024-01-03T13:37:52 IST" name="Default test" finished-at="2024-01-03T13:38:03 IST" duration-ms="11409">
      <class name="testscripts.Test1">
        <test-method signature="login()[pri:0, instance:testscripts.Test1@2b662a77]" started-at="2024-01-03T13:37:52 IST" name="login" finished-at="2024-01-03T13:38:03 IST" duration-ms="11358" status="PASS">
          <reporter-output>
          </reporter-output>
        </test-method> <!-- login -->
      </class> <!-- testscripts.Test1 -->
    </test> <!-- Default test -->
  </suite> <!-- Default suite -->
</testng-results>
